<?xml version="1.0" encoding="UTF-8"?>
<testng-results ignored="0" total="3" passed="3" failed="0" skipped="0">
  <reporter-output>
  </reporter-output>
  <suite started-at="2024-03-18T20:50:46 IST" name="Default suite" finished-at="2024-03-18T20:51:23 IST" duration-ms="36154">
    <groups>
      <group name="loginTest2">
        <method signature="TestCases.loginTest2()[pri:0, instance:testCases.TestCases@37afeb11]" name="loginTest2" class="testCases.TestCases"/>
      </group> <!-- loginTest2 -->
      <group name="loginTest3">
        <method signature="TestCases.loginTest3()[pri:2, instance:testCases.TestCases@37afeb11]" name="loginTest3" class="testCases.TestCases"/>
      </group> <!-- loginTest3 -->
      <group name="loginTest">
        <method signature="TestCases.loginTest()[pri:-1, instance:testCases.TestCases@37afeb11]" name="loginTest" class="testCases.TestCases"/>
      </group> <!-- loginTest -->
    </groups>
    <test started-at="2024-03-18T20:50:46 IST" name="Default test" finished-at="2024-03-18T20:51:23 IST" duration-ms="36154">
      <class name="testCases.TestCases">
        <test-method is-config="true" signature="start()[pri:0, instance:testCases.TestCases@37afeb11]" started-at="2024-03-18T20:50:47 IST" name="start" finished-at="2024-03-18T20:50:47 IST" duration-ms="98" status="PASS">
          <reporter-output>
          </reporter-output>
        </test-method> <!-- start -->
        <test-method is-config="true" signature="setUp()[pri:0, instance:testCases.TestCases@37afeb11]" started-at="2024-03-18T20:50:47 IST" name="setUp" finished-at="2024-03-18T20:50:56 IST" duration-ms="9487" status="PASS">
          <reporter-output>
          </reporter-output>
        </test-method> <!-- setUp -->
        <test-method signature="loginTest()[pri:-1, instance:testCases.TestCases@37afeb11]" started-at="2024-03-18T20:50:56 IST" name="loginTest" finished-at="2024-03-18T20:51:01 IST" duration-ms="4915" status="PASS">
          <reporter-output>
          </reporter-output>
        </test-method> <!-- loginTest -->
        <test-method is-config="true" signature="TakeDown()[pri:0, instance:testCases.TestCases@37afeb11]" started-at="2024-03-18T20:51:01 IST" name="TakeDown" finished-at="2024-03-18T20:51:01 IST" duration-ms="175" status="PASS">
          <reporter-output>
          </reporter-output>
        </test-method> <!-- TakeDown -->
        <test-method is-config="true" signature="setUp()[pri:0, instance:testCases.TestCases@37afeb11]" started-at="2024-03-18T20:51:01 IST" name="setUp" finished-at="2024-03-18T20:51:07 IST" duration-ms="6190" status="PASS">
          <reporter-output>
          </reporter-output>
        </test-method> <!-- setUp -->
        <test-method signature="loginTest2()[pri:0, instance:testCases.TestCases@37afeb11]" started-at="2024-03-18T20:51:07 IST" name="loginTest2" finished-at="2024-03-18T20:51:11 IST" duration-ms="3986" status="PASS">
          <reporter-output>
          </reporter-output>
        </test-method> <!-- loginTest2 -->
        <test-method is-config="true" signature="TakeDown()[pri:0, instance:testCases.TestCases@37afeb11]" started-at="2024-03-18T20:51:11 IST" name="TakeDown" finished-at="2024-03-18T20:51:12 IST" duration-ms="191" status="PASS">
          <reporter-output>
          </reporter-output>
        </test-method> <!-- TakeDown -->
        <test-method is-config="true" signature="setUp()[pri:0, instance:testCases.TestCases@37afeb11]" started-at="2024-03-18T20:51:12 IST" name="setUp" finished-at="2024-03-18T20:51:18 IST" duration-ms="6900" status="PASS">
          <reporter-output>
          </reporter-output>
        </test-method> <!-- setUp -->
        <test-method signature="loginTest3()[pri:2, instance:testCases.TestCases@37afeb11]" started-at="2024-03-18T20:51:18 IST" name="loginTest3" finished-at="2024-03-18T20:51:22 IST" duration-ms="3995" status="PASS">
          <reporter-output>
          </reporter-output>
        </test-method> <!-- loginTest3 -->
        <test-method is-config="true" signature="TakeDown()[pri:0, instance:testCases.TestCases@37afeb11]" started-at="2024-03-18T20:51:22 IST" name="TakeDown" finished-at="2024-03-18T20:51:23 IST" duration-ms="183" status="PASS">
          <reporter-output>
          </reporter-output>
        </test-method> <!-- TakeDown -->
        <test-method is-config="true" signature="stop()[pri:0, instance:testCases.TestCases@37afeb11]" started-at="2024-03-18T20:51:23 IST" name="stop" finished-at="2024-03-18T20:51:23 IST" duration-ms="0" status="PASS">
          <reporter-output>
          </reporter-output>
        </test-method> <!-- stop -->
      </class> <!-- testCases.TestCases -->
    </test> <!-- Default test -->
  </suite> <!-- Default suite -->
</testng-results>
