<?xml version="1.0" encoding="UTF-8"?>
<testng-results ignored="2" total="3" passed="1" failed="0" skipped="0">
  <reporter-output>
  </reporter-output>
  <suite started-at="2024-03-03T11:12:57 IST" name="Excel Based Suite" finished-at="2024-03-03T11:13:16 IST" duration-ms="19281">
    <groups>
      <group name="check">
        <method signature="TestCases.loginTest2()[pri:0, instance:testCases.TestCases@581d969c]" name="loginTest2" class="testCases.TestCases"/>
      </group> <!-- check -->
    </groups>
    <test started-at="2024-03-03T11:12:57 IST" name="Excel Based Regression Testing" finished-at="2024-03-03T11:13:16 IST" duration-ms="19281">
      <class name="testCases.TestCases">
        <test-method is-config="true" signature="start()[pri:0, instance:testCases.TestCases@581d969c]" started-at="2024-03-03T11:12:57 IST" name="start" finished-at="2024-03-03T11:12:57 IST" duration-ms="16" status="PASS">
          <reporter-output>
          </reporter-output>
        </test-method> <!-- start -->
        <test-method is-config="true" signature="setUp()[pri:0, instance:testCases.TestCases@581d969c]" started-at="2024-03-03T11:12:57 IST" name="setUp" finished-at="2024-03-03T11:13:11 IST" duration-ms="14012" status="PASS">
          <reporter-output>
          </reporter-output>
        </test-method> <!-- setUp -->
        <test-method signature="loginTest2()[pri:0, instance:testCases.TestCases@581d969c]" started-at="2024-03-03T11:13:11 IST" name="loginTest2" finished-at="2024-03-03T11:13:16 IST" duration-ms="4822" status="PASS">
          <reporter-output>
          </reporter-output>
        </test-method> <!-- loginTest2 -->
        <test-method is-config="true" signature="TakeDown()[pri:0, instance:testCases.TestCases@581d969c]" started-at="2024-03-03T11:13:16 IST" name="TakeDown" finished-at="2024-03-03T11:13:16 IST" duration-ms="397" status="PASS">
          <reporter-output>
          </reporter-output>
        </test-method> <!-- TakeDown -->
        <test-method is-config="true" signature="stop()[pri:0, instance:testCases.TestCases@581d969c]" started-at="2024-03-03T11:13:16 IST" name="stop" finished-at="2024-03-03T11:13:16 IST" duration-ms="0" status="PASS">
          <reporter-output>
          </reporter-output>
        </test-method> <!-- stop -->
      </class> <!-- testCases.TestCases -->
    </test> <!-- Excel Based Regression Testing -->
  </suite> <!-- Excel Based Suite -->
</testng-results>
