<?xml version="1.0" encoding="UTF-8"?>
<testng-results ignored="0" total="2" passed="2" failed="0" skipped="0">
  <reporter-output>
  </reporter-output>
  <suite started-at="2024-03-03T07:52:44 IST" name="Excel Based Suite" finished-at="2024-03-03T07:53:21 IST" duration-ms="36925">
    <groups>
    </groups>
    <test started-at="2024-03-03T07:52:44 IST" name="Excel Based Regression Testing" finished-at="2024-03-03T07:53:21 IST" duration-ms="36925">
      <class name="testCases.TestCases">
        <test-method is-config="true" signature="start()[pri:0, instance:testCases.TestCases@64c87930]" started-at="2024-03-03T07:52:44 IST" name="start" finished-at="2024-03-03T07:52:44 IST" duration-ms="16" status="PASS">
          <reporter-output>
          </reporter-output>
        </test-method> <!-- start -->
        <test-method is-config="true" signature="setUp()[pri:0, instance:testCases.TestCases@64c87930]" started-at="2024-03-03T07:52:44 IST" name="setUp" finished-at="2024-03-03T07:52:58 IST" duration-ms="13629" status="PASS">
          <reporter-output>
          </reporter-output>
        </test-method> <!-- setUp -->
        <test-method signature="loginTest()[pri:0, instance:testCases.TestCases@64c87930]" started-at="2024-03-03T07:52:58 IST" name="loginTest" finished-at="2024-03-03T07:53:04 IST" duration-ms="5593" status="PASS">
          <reporter-output>
          </reporter-output>
        </test-method> <!-- loginTest -->
        <test-method is-config="true" signature="TakeDown()[pri:0, instance:testCases.TestCases@64c87930]" started-at="2024-03-03T07:53:04 IST" name="TakeDown" finished-at="2024-03-03T07:53:04 IST" duration-ms="410" status="PASS">
          <reporter-output>
          </reporter-output>
        </test-method> <!-- TakeDown -->
        <test-method is-config="true" signature="setUp()[pri:0, instance:testCases.TestCases@64c87930]" started-at="2024-03-03T07:53:04 IST" name="setUp" finished-at="2024-03-03T07:53:14 IST" duration-ms="9696" status="PASS">
          <reporter-output>
          </reporter-output>
        </test-method> <!-- setUp -->
        <test-method signature="loginTest2()[pri:0, instance:testCases.TestCases@64c87930]" started-at="2024-03-03T07:53:14 IST" name="loginTest2" finished-at="2024-03-03T07:53:21 IST" duration-ms="7154" status="PASS">
          <reporter-output>
          </reporter-output>
        </test-method> <!-- loginTest2 -->
        <test-method is-config="true" signature="TakeDown()[pri:0, instance:testCases.TestCases@64c87930]" started-at="2024-03-03T07:53:21 IST" name="TakeDown" finished-at="2024-03-03T07:53:21 IST" duration-ms="394" status="PASS">
          <reporter-output>
          </reporter-output>
        </test-method> <!-- TakeDown -->
        <test-method is-config="true" signature="stop()[pri:0, instance:testCases.TestCases@64c87930]" started-at="2024-03-03T07:53:21 IST" name="stop" finished-at="2024-03-03T07:53:21 IST" duration-ms="0" status="PASS">
          <reporter-output>
          </reporter-output>
        </test-method> <!-- stop -->
      </class> <!-- testCases.TestCases -->
    </test> <!-- Excel Based Regression Testing -->
  </suite> <!-- Excel Based Suite -->
</testng-results>
