<?xml version="1.0" encoding="UTF-8"?>
<!-- Generated by org.testng.reporters.JUnitXMLReporter -->
<testsuite ignored="0" hostname="DESKTOP-FV0KD14" failures="0" tests="3" name="Test" time="33.655" errors="0" timestamp="2024-03-18T20:46:27 IST">
  <testcase classname="testCases.TestCases" name="loginTest" time="4.675"/>
  <testcase classname="testCases.TestCases" name="loginTest2" time="3.984"/>
  <testcase classname="testCases.TestCases" name="loginTest3" time="4.061"/>
</testsuite> <!-- Test -->
