<?xml version="1.0" encoding="UTF-8"?>
<!-- Generated by org.testng.reporters.JUnitXMLReporter -->
<testsuite ignored="0" hostname="DESKTOP-FV0KD14" failures="0" tests="3" name="Default test" time="36.154" errors="0" timestamp="2024-03-18T20:51:23 IST">
  <testcase classname="testCases.TestCases" name="loginTest" time="4.915"/>
  <testcase classname="testCases.TestCases" name="loginTest2" time="3.986"/>
  <testcase classname="testCases.TestCases" name="loginTest3" time="3.995"/>
</testsuite> <!-- Default test -->
