<?xml version="1.0" encoding="UTF-8"?>
<!-- Generated by org.testng.reporters.JUnitXMLReporter -->
<testsuite ignored="1" hostname="DESKTOP-FV0KD14" failures="1" tests="2" name="Test2" time="25.793" errors="0" timestamp="2023-08-17T23:30:02 IST">
  <testcase classname="testCases.TestCases" name="fileUpload" time="6.505"/>
  <testcase classname="testCases.TestCases" name="loginTest" time="7.011">
    <failure type="java.lang.NullPointerException" message="Cannot invoke &amp;quot;pageLayer.LoginPage.enterUsername(String)&amp;quot; because &amp;quot;this.login&amp;quot; is null">
      <![CDATA[java.lang.NullPointerException: Cannot invoke "pageLayer.LoginPage.enterUsername(String)" because "this.login" is null
at pageLayer.LoginPage.TesterLogin(LoginPage.java:46)
at testCases.TestCases.loginTest(TestCases.java:13)
at java.base/java.util.ArrayList.forEach(ArrayList.java:1511)
at utility.TestNGProgrammaticExample.main(TestNGProgrammaticExample.java:51)
... Removed 22 stack frames]]>
    </failure>
  </testcase> <!-- loginTest -->
  <testcase classname="testCases.TestCases" name="testFilpkart" time="0.0">
    <ignored/>
  </testcase> <!-- testFilpkart -->
</testsuite> <!-- Test2 -->
