<?xml version="1.0" encoding="UTF-8"?>
<!-- Generated by org.testng.reporters.JUnitXMLReporter -->
<testsuite ignored="2" hostname="DESKTOP-FV0KD14" failures="0" tests="1" name="Default test" time="15.305" errors="0" timestamp="2023-08-24T11:06:28 IST">
  <testcase classname="testCases.TestCases" name="loginTest" time="7.469"/>
  <testcase classname="testCases.TestCases" name="fileUpload" time="0.0">
    <ignored/>
  </testcase> <!-- fileUpload -->
  <testcase classname="testCases.TestCases" name="testFilpkart" time="0.0">
    <ignored/>
  </testcase> <!-- testFilpkart -->
</testsuite> <!-- Default test -->
