<?xml version="1.0" encoding="UTF-8"?>
<!-- Generated by org.testng.reporters.JUnitXMLReporter -->
<testsuite ignored="0" hostname="DESKTOP-FV0KD14" failures="0" tests="3" name="Excel Based Regression Testing" time="43.814" errors="0" timestamp="2024-03-03T08:08:14 IST">
  <testcase classname="testCases.TestCases" name="loginTest" time="5.42"/>
  <testcase classname="testCases.TestCases" name="loginTest2" time="4.588"/>
  <testcase classname="testCases.TestCases" name="loginTest3" time="4.5"/>
</testsuite> <!-- Excel Based Regression Testing -->
