<?xml version="1.0" encoding="UTF-8"?>
<!-- Generated by org.testng.reporters.JUnitXMLReporter -->
<testsuite ignored="2" hostname="DESKTOP-FV0KD14" failures="0" tests="1" name="Excel Based Regression Testing" time="19.281" errors="0" timestamp="2024-03-03T11:13:16 IST">
  <testcase classname="testCases.TestCases" name="loginTest2" time="4.822"/>
  <testcase classname="testCases.TestCases" name="loginTest3" time="0.0">
    <ignored/>
  </testcase> <!-- loginTest3 -->
  <testcase classname="testCases.TestCases" name="loginTest" time="0.0">
    <ignored/>
  </testcase> <!-- loginTest -->
</testsuite> <!-- Excel Based Regression Testing -->
